<?xml version="1.0" encoding="UTF-8"?>
<testsuite xmlns:xsi="http://www.w3.org/2001/XMLSchema-instance" xsi:noNamespaceSchemaLocation="https://maven.apache.org/surefire/maven-surefire-plugin/xsd/surefire-test-report.xsd" name="es.urjc.code.daw.library.rest.BookRestControllerTest" time="6.629" tests="5" errors="0" skipped="0" failures="0">
  <properties>
[...]
</properties>
  <testcase name="givenAdmin_whenDeleteBook_ThenOk" classname="es.urjc.code.daw.library.rest.BookRestControllerTest" time="0.277"/>
  <testcase name="givenUser_whenDeleteBook_Then403" classname="es.urjc.code.daw.library.rest.BookRestControllerTest" time="0.073"/>
  <testcase name="givenUserVisitor_whenGetBooks_ThenOk" classname="es.urjc.code.daw.library.rest.BookRestControllerTest" time="0.047"/>
  <testcase name="givenUser_whenCreateBook_ThenOk" classname="es.urjc.code.daw.library.rest.BookRestControllerTest" time="0.103"/>
  <testcase name="givenVisitor_whenCreateBook_Then401" classname="es.urjc.code.daw.library.rest.BookRestControllerTest" time="0.007"/>
</testsuite>